<?xml version="1.0" encoding="UTF-8"?>
<!-- Generated by org.testng.reporters.JUnitReportReporter -->
<testsuite hostname="Chesschamp123" failures="0" tests="5" name="com.Salesforce.test.SfdcAutomation" time="43.114" errors="0" timestamp="2024-06-28T00:29:30 CDT" skipped="0">
  <testcase classname="com.Salesforce.test.SfdcAutomation" name="Sfdcrememberme" time="12.695"/>
  <testcase classname="com.Salesforce.test.SfdcAutomation" name="Sdfcloginpositive" time="7.237"/>
  <testcase classname="com.Salesforce.test.SfdcAutomation" name="Sfdcinvalidlogin" time="4.836"/>
  <testcase classname="com.Salesforce.test.SfdcAutomation" name="Sfdcforgotpwd" time="14.667"/>
  <testcase classname="com.Salesforce.test.SfdcAutomation" name="SfdcInvalidUsernamePwd" time="3.679"/>
</testsuite> <!-- com.Salesforce.test.SfdcAutomation -->
